# JRE version: Java(TM) SE Runtime Environment (8.0_144-b01) (build 1.8.0_144-b01)
# Java VM: Java HotSpot(TM) 64-Bit Server VM (25.144-b01 mixed mode linux-amd64 compressed oops)
Heap:
 PSYoungGen      total 259584K, used 11659K [0x00000000d6d80000, 0x00000000e7b00000, 0x0000000100000000)
  eden space 245760K, 0% used [0x00000000d6d80000,0x00000000d6d80000,0x00000000e5d80000)
  from space 13824K, 84% used [0x00000000e6000000,0x00000000e6b62ca0,0x00000000e6d80000)
  to   space 10752K, 0% used [0x00000000e7080000,0x00000000e7080000,0x00000000e7b00000)
 ParOldGen       total 72192K, used 20539K [0x0000000084800000, 0x0000000088e80000, 0x00000000d6d80000)
  object space 72192K, 28% used [0x0000000084800000,0x0000000085c0edc0,0x0000000088e80000)
 Metaspace       used 49469K, capacity 50626K, committed 50776K, reserved 1093632K
  class space    used 6358K, capacity 6679K, committed 6784K, reserved 1048576K
GC Heap History (10 events):
Event: 4.583 GC heap after
Heap after GC invocations=8 (full 1):
 PSYoungGen      total 132096K, used 9714K [0x00000000d6d80000, 0x00000000e3000000, 0x0000000100000000)
  eden space 122368K, 0% used [0x00000000d6d80000,0x00000000d6d80000,0x00000000de500000)
  from space 9728K, 99% used [0x00000000de500000,0x00000000dee7c920,0x00000000dee80000)
  to   space 11264K, 0% used [0x00000000e2500000,0x00000000e2500000,0x00000000e3000000)
 ParOldGen       total 52736K, used 8821K [0x0000000084800000, 0x0000000087b80000, 0x00000000d6d80000)
  object space 52736K, 16% used [0x0000000084800000,0x000000008509d6c0,0x0000000087b80000)
 Metaspace       used 29251K, capacity 29690K, committed 29952K, reserved 1075200K
  class space    used 3810K, capacity 3972K, committed 4096K, reserved 1048576K
}
Event: 6.119 GC heap before
{Heap before GC invocations=9 (full 1):
 PSYoungGen      total 132096K, used 132082K [0x00000000d6d80000, 0x00000000e3000000, 0x0000000100000000)
  eden space 122368K, 100% used [0x00000000d6d80000,0x00000000de500000,0x00000000de500000)
  from space 9728K, 99% used [0x00000000de500000,0x00000000dee7c920,0x00000000dee80000)
  to   space 11264K, 0% used [0x00000000e2500000,0x00000000e2500000,0x00000000e3000000)
 ParOldGen       total 52736K, used 8821K [0x0000000084800000, 0x0000000087b80000, 0x00000000d6d80000)
  object space 52736K, 16% used [0x0000000084800000,0x000000008509d6c0,0x0000000087b80000)
 Metaspace       used 34218K, capacity 34654K, committed 34816K, reserved 1079296K
  class space    used 4427K, capacity 4593K, committed 4608K, reserved 1048576K
Event: 6.154 GC heap after
Heap after GC invocations=9 (full 1):
 PSYoungGen      total 185856K, used 11259K [0x00000000d6d80000, 0x00000000e4b80000, 0x0000000100000000)
  eden space 174592K, 0% used [0x00000000d6d80000,0x00000000d6d80000,0x00000000e1800000)
  from space 11264K, 99% used [0x00000000e2500000,0x00000000e2ffedf8,0x00000000e3000000)
  to   space 13312K, 0% used [0x00000000e1800000,0x00000000e1800000,0x00000000e2500000)
 ParOldGen       total 52736K, used 9998K [0x0000000084800000, 0x0000000087b80000, 0x00000000d6d80000)
  object space 52736K, 18% used [0x0000000084800000,0x00000000851c3b10,0x0000000087b80000)
 Metaspace       used 34218K, capacity 34654K, committed 34816K, reserved 1079296K
  class space    used 4427K, capacity 4593K, committed 4608K, reserved 1048576K
}
Event: 6.374 GC heap before
{Heap before GC invocations=10 (full 1):
 PSYoungGen      total 185856K, used 24275K [0x00000000d6d80000, 0x00000000e4b80000, 0x0000000100000000)
  eden space 174592K, 7% used [0x00000000d6d80000,0x00000000d7a360e0,0x00000000e1800000)
  from space 11264K, 99% used [0x00000000e2500000,0x00000000e2ffedf8,0x00000000e3000000)
  to   space 13312K, 0% used [0x00000000e1800000,0x00000000e1800000,0x00000000e2500000)
 ParOldGen       total 52736K, used 9998K [0x0000000084800000, 0x0000000087b80000, 0x00000000d6d80000)
  object space 52736K, 18% used [0x0000000084800000,0x00000000851c3b10,0x0000000087b80000)
 Metaspace       used 34912K, capacity 35358K, committed 35416K, reserved 1079296K
  class space    used 4527K, capacity 4721K, committed 4736K, reserved 1048576K
Event: 6.392 GC heap after
Heap after GC invocations=10 (full 1):
 PSYoungGen      total 187904K, used 9601K [0x00000000d6d80000, 0x00000000e7d80000, 0x0000000100000000)
  eden space 174592K, 0% used [0x00000000d6d80000,0x00000000d6d80000,0x00000000e1800000)
  from space 13312K, 72% used [0x00000000e1800000,0x00000000e2160510,0x00000000e2500000)
  to   space 13312K, 0% used [0x00000000e7080000,0x00000000e7080000,0x00000000e7d80000)
 ParOldGen       total 52736K, used 10598K [0x0000000084800000, 0x0000000087b80000, 0x00000000d6d80000)
  object space 52736K, 20% used [0x0000000084800000,0x0000000085259b20,0x0000000087b80000)
 Metaspace       used 34912K, capacity 35358K, committed 35416K, reserved 1079296K
  class space    used 4527K, capacity 4721K, committed 4736K, reserved 1048576K
}
Event: 6.392 GC heap before
{Heap before GC invocations=11 (full 2):
 PSYoungGen      total 187904K, used 9601K [0x00000000d6d80000, 0x00000000e7d80000, 0x0000000100000000)
  eden space 174592K, 0% used [0x00000000d6d80000,0x00000000d6d80000,0x00000000e1800000)
  from space 13312K, 72% used [0x00000000e1800000,0x00000000e2160510,0x00000000e2500000)
  to   space 13312K, 0% used [0x00000000e7080000,0x00000000e7080000,0x00000000e7d80000)
 ParOldGen       total 52736K, used 10598K [0x0000000084800000, 0x0000000087b80000, 0x00000000d6d80000)
  object space 52736K, 20% used [0x0000000084800000,0x0000000085259b20,0x0000000087b80000)
 Metaspace       used 34912K, capacity 35358K, committed 35416K, reserved 1079296K
  class space    used 4527K, capacity 4721K, committed 4736K, reserved 1048576K
Event: 6.452 GC heap after
Heap after GC invocations=11 (full 2):
 PSYoungGen      total 187904K, used 0K [0x00000000d6d80000, 0x00000000e7d80000, 0x0000000100000000)
  eden space 174592K, 0% used [0x00000000d6d80000,0x00000000d6d80000,0x00000000e1800000)
  from space 13312K, 0% used [0x00000000e1800000,0x00000000e1800000,0x00000000e2500000)
  to   space 13312K, 0% used [0x00000000e7080000,0x00000000e7080000,0x00000000e7d80000)
 ParOldGen       total 72192K, used 16431K [0x0000000084800000, 0x0000000088e80000, 0x00000000d6d80000)
  object space 72192K, 22% used [0x0000000084800000,0x000000008580bda0,0x0000000088e80000)
 Metaspace       used 34912K, capacity 35358K, committed 35416K, reserved 1079296K
  class space    used 4527K, capacity 4721K, committed 4736K, reserved 1048576K
}
Event: 8.693 GC heap before
{Heap before GC invocations=12 (full 2):
 PSYoungGen      total 187904K, used 174592K [0x00000000d6d80000, 0x00000000e7d80000, 0x0000000100000000)
  eden space 174592K, 100% used [0x00000000d6d80000,0x00000000e1800000,0x00000000e1800000)
  from space 13312K, 0% used [0x00000000e1800000,0x00000000e1800000,0x00000000e2500000)
  to   space 13312K, 0% used [0x00000000e7080000,0x00000000e7080000,0x00000000e7d80000)
 ParOldGen       total 72192K, used 16431K [0x0000000084800000, 0x0000000088e80000, 0x00000000d6d80000)
  object space 72192K, 22% used [0x0000000084800000,0x000000008580bda0,0x0000000088e80000)
 Metaspace       used 39004K, capacity 39596K, committed 39896K, reserved 1083392K
  class space    used 5081K, capacity 5294K, committed 5376K, reserved 1048576K
Event: 8.705 GC heap after
Heap after GC invocations=12 (full 2):
 PSYoungGen      total 256512K, used 10524K [0x00000000d6d80000, 0x00000000e7b00000, 0x0000000100000000)
  eden space 245760K, 0% used [0x00000000d6d80000,0x00000000d6d80000,0x00000000e5d80000)
  from space 10752K, 97% used [0x00000000e7080000,0x00000000e7ac7010,0x00000000e7b00000)
  to   space 13824K, 0% used [0x00000000e6000000,0x00000000e6000000,0x00000000e6d80000)
 ParOldGen       total 72192K, used 16439K [0x0000000084800000, 0x0000000088e80000, 0x00000000d6d80000)
  object space 72192K, 22% used [0x0000000084800000,0x000000008580dda0,0x0000000088e80000)
 Metaspace       used 39004K, capacity 39596K, committed 39896K, reserved 1083392K
  class space    used 5081K, capacity 5294K, committed 5376K, reserved 1048576K
}
Event: 15.195 GC heap before
{Heap before GC invocations=13 (full 2):
 PSYoungGen      total 256512K, used 256284K [0x00000000d6d80000, 0x00000000e7b00000, 0x0000000100000000)
  eden space 245760K, 100% used [0x00000000d6d80000,0x00000000e5d80000,0x00000000e5d80000)
  from space 10752K, 97% used [0x00000000e7080000,0x00000000e7ac7010,0x00000000e7b00000)
  to   space 13824K, 0% used [0x00000000e6000000,0x00000000e6000000,0x00000000e6d80000)
 ParOldGen       total 72192K, used 16439K [0x0000000084800000, 0x0000000088e80000, 0x00000000d6d80000)
  object space 72192K, 22% used [0x0000000084800000,0x000000008580dda0,0x0000000088e80000)
 Metaspace       used 49469K, capacity 50626K, committed 50776K, reserved 1093632K
  class space    used 6358K, capacity 6679K, committed 6784K, reserved 1048576K

